INFO 2019-03-05 23:57:14,088 - Logger set up successfully.
INFO 2019-03-05 23:57:14,472 - logging in using static token
INFO 2019-03-05 23:57:14,873 - Created websocket connected to wss://gateway.discord.gg?encoding=json&v=6&compress=zlib-stream
INFO 2019-03-05 23:57:14,876 - Shard ID None has sent the IDENTIFY payload.
INFO 2019-03-05 23:57:14,986 - Shard ID None has connected to Gateway: gateway-prd-main-m61l, discord-sessions-prd-1-13 (Session ID: e5c0db28a2ff0e7747d016cc6ca6f913).
INFO 2019-03-05 23:57:25,817 - Connecting to voice...
INFO 2019-03-05 23:57:25,817 - Starting voice handshake...
INFO 2019-03-05 23:57:25,908 - Voice handshake complete. Endpoint found us-south127.discord.gg (IP: 104.149.228.202)
INFO 2019-03-05 23:57:26,231 - selected the voice protocol for use (xsalsa20_poly1305_suffix)
INFO 2019-03-05 23:57:26,279 - received secret key for voice connection
WARNING 2019-03-05 23:57:26,419 - We are being rate limited. Retrying in 0.17 seconds. Handled under the bucket "PUT:435980913789370368:None:/channels/{channel_id}/messages/{message_id}/reactions/{emoji}/@me"
WARNING 2019-03-05 23:57:59,227 - We are being rate limited. Retrying in 0.18 seconds. Handled under the bucket "PUT:435980913789370368:None:/channels/{channel_id}/messages/{message_id}/reactions/{emoji}/@me"
INFO 2019-03-06 00:02:24,243 - Preparing to terminate ffmpeg process 9940.
INFO 2019-03-06 00:02:24,243 - ffmpeg process 9940 successfully terminated with return code of 0.
INFO 2019-03-06 00:02:45,217 - Preparing to terminate ffmpeg process 10268.
INFO 2019-03-06 00:02:45,218 - ffmpeg process 10268 has not terminated. Waiting to terminate...
INFO 2019-03-06 00:02:45,221 - ffmpeg process 10268 should have terminated with a return code of 1.
INFO 2019-03-06 00:02:45,237 - Preparing to terminate ffmpeg process 9716.
INFO 2019-03-06 00:02:45,238 - ffmpeg process 9716 successfully terminated with return code of 1.
INFO 2019-03-06 00:02:56,567 - Preparing to terminate ffmpeg process 6000.
INFO 2019-03-06 00:02:56,567 - ffmpeg process 6000 successfully terminated with return code of 1.
WARNING 2019-03-06 00:02:56,713 - We are being rate limited. Retrying in 0.13 seconds. Handled under the bucket "PUT:435980913789370368:None:/channels/{channel_id}/messages/{message_id}/reactions/{emoji}/@me"
INFO 2019-03-06 00:03:08,871 - The voice handshake is being terminated for Channel ID 390906086753959938 (Guild ID 390906084379983902)
INFO 2019-03-06 00:03:08,871 - The voice client has been removed for Channel ID 390906086753959938 (Guild ID 390906084379983902)
INFO 2019-03-06 00:03:08,967 - Websocket closed with 1000 (), cannot reconnect.
INFO 2019-03-06 00:03:08,967 - Cleaning up event loop.
INFO 2019-03-06 00:03:08,967 - Cleaning up after 11 tasks
an 30 seconds.
WARNING 2019-03-05 23:57:58,487 - Voice heartbeat blocked for more than 55 seconds
WARNING 2019-03-05 23:57:59,563 - Heartbeat blocked for more than 35 seconds.
WARNING 2019-03-05 23:58:03,487 - Voice heartbeat blocked for more than 60 seconds
WARNING 2019-03-05 23:58:04,563 - Heartbeat blocked for more than 40 seconds.
WARNING 2019-03-05 23:58:08,488 - Voice heartbeat blocked for more than 65 seconds
WARNING 2019-03-05 23:58:09,563 - Heartbeat blocked for more than 45 seconds.
WARNING 2019-03-05 23:58:13,488 - Voice heartbeat blocked for more than 70 seconds
WARNING 2019-03-05 23:58:14,564 - Heartbeat blocked for more than 50 seconds.
WARNING 2019-03-05 23:58:18,488 - Voice heartbeat blocked for more than 75 seconds
WARNING 2019-03-05 23:58:19,564 - Heartbeat blocked for more than 55 seconds.
WARNING 2019-03-05 23:58:23,488 - Voice heartbeat blocked for more than 80 seconds
WARNING 2019-03-05 23:58:24,565 - Heartbeat blocked for more than 60 seconds.
WARNING 2019-03-05 23:58:28,488 - Voice heartbeat blocked for more than 85 seconds
WARNING 2019-03-05 23:58:29,565 - Heartbeat blocked for more than 65 seconds.
WARNING 2019-03-05 23:58:33,489 - Voice heartbeat blocked for more than 90 seconds
WARNING 2019-03-05 23:58:34,565 - Heartbeat blocked for more than 70 seconds.
WARNING 2019-03-05 23:58:38,489 - Voice heartbeat blocked for more than 95 seconds
WARNING 2019-03-05 23:58:39,565 - Heartbeat blocked for more than 75 seconds.
WARNING 2019-03-05 23:58:43,490 - Voice heartbeat blocked for more than 100 seconds
WARNING 2019-03-05 23:58:44,566 - Heartbeat blocked for more than 80 seconds.
WARNING 2019-03-05 23:58:48,490 - Voice heartbeat blocked for more than 105 seconds
WARNING 2019-03-05 23:58:49,567 - Heartbeat blocked for more than 85 seconds.
WARNING 2019-03-05 23:58:53,491 - Voice heartbeat blocked for more than 110 seconds
WARNING 2019-03-05 23:58:54,567 - Heartbeat blocked for more than 90 seconds.
WARNING 2019-03-05 23:58:58,492 - Voice heartbeat blocked for more than 115 seconds
WARNING 2019-03-05 23:58:59,567 - Heartbeat blocked for more than 95 seconds.
WARNING 2019-03-05 23:59:03,493 - Voice heartbeat blocked for more than 120 seconds
WARNING 2019-03-05 23:59:04,567 - Heartbeat blocked for more than 100 seconds.
WARNING 2019-03-05 23:59:08,493 - Voice heartbeat blocked for more than 125 seconds
WARNING 2019-03-05 23:59:09,567 - Heartbeat blocked for more than 105 seconds.
WARNING 2019-03-05 23:59:13,493 - Voice heartbeat blocked for more than 130 seconds
WARNING 2019-03-05 23:59:14,567 - Heartbeat blocked for more than 110 seconds.
WARNING 2019-03-05 23:59:18,494 - Voice heartbeat blocked for more than 135 seconds
WARNING 2019-03-05 23:59:19,568 - Heartbeat blocked for more than 115 seconds.
WARNING 2019-03-05 23:59:23,494 - Voice heartbeat blocked for more than 140 seconds
WARNING 2019-03-05 23:59:24,568 - Heartbeat blocked for more than 120 seconds.
WARNING 2019-03-05 23:59:28,494 - Voice heartbeat blocked for more than 145 seconds
WARNING 2019-03-05 23:59:29,568 - Heartbeat blocked for more than 125 seconds.
WARNING 2019-03-05 23:59:33,495 - Voice heartbeat blocked for more than 150 seconds
WARNING 2019-03-05 23:59:34,568 - Heartbeat blocked for more than 130 seconds.
WARNING 2019-03-05 23:59:38,495 - Voice heartbeat blocked for more than 155 seconds
WARNING 2019-03-05 23:59:39,568 - Heartbeat blocked for more than 135 seconds.
WARNING 2019-03-05 23:59:43,495 - Voice heartbeat blocked for more than 160 seconds
WARNING 2019-03-05 23:59:44,569 - Heartbeat blocked for more than 140 seconds.
WARNING 2019-03-05 23:59:48,495 - Voice heartbeat blocked for more than 165 seconds
WARNING 2019-03-05 23:59:49,569 - Heartbeat blocked for more than 145 seconds.
WARNING 2019-03-05 23:59:53,496 - Voice heartbeat blocked for more than 170 seconds
WARNING 2019-03-05 23:59:54,570 - Heartbeat blocked for more than 150 seconds.
WARNING 2019-03-05 23:59:58,496 - Voice heartbeat blocked for more than 175 seconds
WARNING 2019-03-05 23:59:59,571 - Heartbeat blocked for more than 155 seconds.
WARNING 2019-03-06 00:00:03,496 - Voice heartbeat blocked for more than 180 seconds
WARNING 2019-03-06 00:00:04,571 - Heartbeat blocked for more than 160 seconds.
WARNING 2019-03-06 00:00:08,497 - Voice heartbeat blocked for more than 185 seconds
WARNING 2019-03-06 00:00:09,572 - Heartbeat blocked for more than 165 seconds.
WARNING 2019-03-06 00:00:13,497 - Voice heartbeat blocked for more than 190 seconds
WARNING 2019-03-06 00:00:14,572 - Heartbeat blocked for more than 170 seconds.
WARNING 2019-03-06 00:00:18,497 - Voice heartbeat blocked for more than 195 seconds
WARNING 2019-03-06 00:00:19,572 - Heartbeat blocked for more than 175 seconds.
WARNING 2019-03-06 00:00:23,497 - Voice heartbeat blocked for more than 200 seconds
WARNING 2019-03-06 00:00:24,573 - Heartbeat blocked for more than 180 seconds.
WARNING 2019-03-06 00:00:28,497 - Voice heartbeat blocked for more than 205 seconds
WARNING 2019-03-06 00:00:29,573 - Heartbeat blocked for more than 185 seconds.
WARNING 2019-03-06 00:00:33,497 - Voice heartbeat blocked for more than 210 seconds
WARNING 2019-03-06 00:00:34,574 - Heartbeat blocked for more than 190 seconds.
WARNING 2019-03-06 00:00:38,497 - Voice heartbeat blocked for more than 215 seconds
WARNING 2019-03-06 00:00:39,574 - Heartbeat blocked for more than 195 seconds.
WARNING 2019-03-06 00:00:43,498 - Voice heartbeat blocked for more than 220 seconds
WARNING 2019-03-06 00:00:44,575 - Heartbeat blocked for more than 200 seconds.
WARNING 2019-03-06 00:00:48,498 - Voice heartbeat blocked for more than 225 seconds
WARNING 2019-03-06 00:00:49,576 - Heartbeat blocked for more than 205 seconds.
WARNING 2019-03-06 00:00:53,499 - Voice heartbeat blocked for more than 230 seconds
WARNING 2019-03-06 00:00:54,576 - Heartbeat blocked for more than 210 seconds.
WARNING 2019-03-06 00:00:58,499 - Voice heartbeat blocked for more than 235 seconds
WARNING 2019-03-06 00:00:59,576 - Heartbeat blocked for more than 215 seconds.
WARNING 2019-03-06 00:01:03,500 - Voice heartbeat blocked for more than 240 seconds
WARNING 2019-03-06 00:01:04,576 - Heartbeat blocked for more than 220 seconds.
WARNING 2019-03-06 00:01:08,500 - Voice heartbeat blocked for more than 245 seconds
WARNING 2019-03-06 00:01:09,577 - Heartbeat blocked for more than 225 seconds.
WARNING 2019-03-06 00:01:13,500 - Voice heartbeat blocked for more than 250 seconds
WARNING 2019-03-06 00:01:14,577 - Heartbeat blocked for more than 230 seconds.
WARNING 2019-03-06 00:01:18,500 - Voice heartbeat blocked for more than 255 seconds
WARNING 2019-03-06 00:01:19,577 - Heartbeat blocked for more than 235 seconds.
WARNING 2019-03-06 00:01:23,500 - Voice heartbeat blocked for more than 260 seconds
WARNING 2019-03-06 00:01:24,577 - Heartbeat blocked for more than 240 seconds.
WARNING 2019-03-06 00:01:28,501 - Voice heartbeat blocked for more than 265 seconds
WARNING 2019-03-06 00:01:29,577 - Heartbeat blocked for more than 245 seconds.
WARNING 2019-03-06 00:01:33,501 - Voice heartbeat blocked for more than 270 seconds
WARNING 2019-03-06 00:01:34,578 - Heartbeat blocked for more than 250 seconds.
WARNING 2019-03-06 00:01:38,501 - Voice heartbeat blocked for more than 275 seconds
WARNING 2019-03-06 00:01:39,578 - Heartbeat blocked for more than 255 seconds.
WARNING 2019-03-06 00:01:43,502 - Voice heartbeat blocked for more than 280 seconds
WARNING 2019-03-06 00:01:44,579 - Heartbeat blocked for more than 260 seconds.
WARNING 2019-03-06 00:01:48,502 - Voice heartbeat blocked for more than 285 seconds
WARNING 2019-03-06 00:01:49,580 - Heartbeat blocked for more than 265 seconds.
WARNING 2019-03-06 00:01:53,503 - Voice heartbeat blocked for more than 290 seconds
WARNING 2019-03-06 00:01:54,581 - Heartbeat blocked for more than 270 seconds.
WARNING 2019-03-06 00:01:58,503 - Voice heartbeat blocked for more than 295 seconds
WARNING 2019-03-06 00:01:59,581 - Heartbeat blocked for more than 275 seconds.
WARNING 2019-03-06 00:02:03,504 - Voice heartbeat blocked for more than 300 seconds
WARNING 2019-03-06 00:02:04,581 - Heartbeat blocked for more than 280 seconds.
WARNING 2019-03-06 00:02:08,504 - Voice heartbeat blocked for more than 305 seconds
WARNING 2019-03-06 00:02:09,581 - Heartbeat blocked for more than 285 seconds.
WARNING 2019-03-06 00:02:13,504 - Voice heartbeat blocked for more than 310 seconds
WARNING 2019-03-06 00:02:14,582 - Heartbeat blocked for more than 290 seconds.
WARNING 2019-03-06 00:02:18,505 - Voice heartbeat blocked for more than 315 seconds
WARNING 2019-03-06 00:02:19,582 - Heartbeat blocked for more than 295 seconds.
WARNING 2019-03-06 00:02:23,505 - Voice heartbeat blocked for more than 320 seconds
WARNING 2019-03-06 00:02:24,583 - Heartbeat blocked for more than 300 seconds.
WARNING 2019-03-06 00:02:28,506 - Voice heartbeat blocked for more than 325 seconds
WARNING 2019-03-06 00:02:29,583 - Heartbeat blocked for more than 305 seconds.
WARNING 2019-03-06 00:02:33,506 - Voice heartbeat blocked for more than 330 seconds
WARNING 2019-03-06 00:02:34,584 - Heartbeat blocked for more than 310 seconds.
WARNING 2019-03-06 00:02:38,506 - Voice heartbeat blocked for more than 335 seconds
WARNING 2019-03-06 00:02:39,584 - Heartbeat blocked for more than 315 seconds.
WARNING 2019-03-06 00:02:43,507 - Voice heartbeat blocked for more than 340 seconds
WARNING 2019-03-06 00:02:44,584 - Heartbeat blocked for more than 320 seconds.
WARNING 2019-03-06 00:02:48,507 - Voice heartbeat blocked for more than 345 seconds
WARNING 2019-03-06 00:02:49,584 - Heartbeat blocked for more than 325 seconds.
WARNING 2019-03-06 00:02:53,507 - Voice heartbeat blocked for more than 350 seconds
WARNING 2019-03-06 00:02:54,585 - Heartbeat blocked for more than 330 seconds.
WARNING 2019-03-06 00:02:58,508 - Voice heartbeat blocked for more than 355 seconds
WARNING 2019-03-06 00:02:59,585 - Heartbeat blocked for more than 335 seconds.
WARNING 2019-03-06 00:03:03,509 - Voice heartbeat blocked for more than 360 seconds
WARNING 2019-03-06 00:03:04,585 - Heartbeat blocked for more than 340 seconds.
WARNING 2019-03-06 00:03:08,509 - Voice heartbeat blocked for more than 365 seconds
WARNING 2019-03-06 00:03:09,586 - Heartbeat blocked for more than 345 seconds.
WARNING 2019-03-06 00:03:13,509 - Voice heartbeat blocked for more than 370 seconds
WARNING 2019-03-06 00:03:14,587 - Heartbeat blocked for more than 350 seconds.
WARNING 2019-03-06 00:03:18,510 - Voice heartbeat blocked for more than 375 seconds
WARNING 2019-03-06 00:03:19,587 - Heartbeat blocked for more than 355 seconds.
WARNING 2019-03-06 00:03:23,511 - Voice heartbeat blocked for more than 380 seconds
WARNING 2019-03-06 00:03:24,587 - Heartbeat blocked for more than 360 seconds.
WARNING 2019-03-06 00:03:28,511 - Voice heartbeat blocked for more than 385 seconds
WARNING 2019-03-06 00:03:29,587 - Heartbeat blocked for more than 365 seconds.
WARNING 2019-03-06 00:03:33,511 - Voice heartbeat blocked for more than 390 seconds
WARNING 2019-03-06 00:03:34,588 - Heartbeat blocked for more than 370 seconds.
WARNING 2019-03-06 00:03:38,512 - Voice heartbeat blocked for more than 395 seconds
WARNING 2019-03-06 00:03:39,588 - Heartbeat blocked for more than 375 seconds.
WARNING 2019-03-06 00:03:43,513 - Voice heartbeat blocked for more than 400 seconds
WARNING 2019-03-06 00:03:44,588 - Heartbeat blocked for more than 380 seconds.
WARNING 2019-03-06 00:03:48,514 - Voice heartbeat blocked for more than 405 seconds
WARNING 2019-03-06 00:03:49,589 - Heartbeat blocked for more than 385 seconds.
WARNING 2019-03-06 00:03:53,515 - Voice heartbeat blocked for more than 410 seconds
WARNING 2019-03-06 00:03:54,590 - Heartbeat blocked for more than 390 seconds.
WARNING 2019-03-06 00:03:58,515 - Voice heartbeat blocked for more than 415 seconds
WARNING 2019-03-06 00:03:59,590 - Heartbeat blocked for more than 395 seconds.
WARNING 2019-03-06 00:04:03,515 - Voice heartbeat blocked for more than 420 seconds
WARNING 2019-03-06 00:04:04,590 - Heartbeat blocked for more than 400 seconds.
WARNING 2019-03-06 00:04:08,515 - Voice heartbeat blocked for more than 425 seconds
WARNING 2019-03-06 00:04:09,591 - Heartbeat blocked for more than 405 seconds.
WARNING 2019-03-06 00:04:13,516 - Voice heartbeat blocked for more than 430 seconds
WARNING 2019-03-06 00:04:14,591 - Heartbeat blocked for more than 410 seconds.
WARNING 2019-03-06 00:04:18,516 - Voice heartbeat blocked for more than 435 seconds
WARNING 2019-03-06 00:04:19,592 - Heartbeat blocked for more than 415 seconds.
WARNING 2019-03-06 00:04:23,516 - Voice heartbeat blocked for more than 440 seconds
WARNING 2019-03-06 00:04:24,592 - Heartbeat blocked for more than 420 seconds.
WARNING 2019-03-06 00:04:28,517 - Voice heartbeat blocked for more than 445 seconds
WARNING 2019-03-06 00:04:29,593 - Heartbeat blocked for more than 425 seconds.
WARNING 2019-03-06 00:04:33,517 - Voice heartbeat blocked for more than 450 seconds
WARNING 2019-03-06 00:04:34,593 - Heartbeat blocked for more than 430 seconds.
WARNING 2019-03-06 00:04:38,517 - Voice heartbeat blocked for more than 455 seconds
WARNING 2019-03-06 00:04:39,593 - Heartbeat blocked for more than 435 seconds.
WARNING 2019-03-06 00:04:43,518 - Voice heartbeat blocked for more than 460 seconds
WARNING 2019-03-06 00:04:44,593 - Heartbeat blocked for more than 440 seconds.
WARNING 2019-03-06 00:04:48,518 - Voice heartbeat blocked for more than 465 seconds
WARNING 2019-03-06 00:04:49,594 - Heartbeat blocked for more than 445 seconds.
WARNING 2019-03-06 00:04:53,518 - Voice heartbeat blocked for more than 470 seconds
WARNING 2019-03-06 00:04:54,595 - Heartbeat blocked for more than 450 seconds.
WARNING 2019-03-06 00:04:58,518 - Voice heartbeat blocked for more than 475 seconds
WARNING 2019-03-06 00:04:59,595 - Heartbeat blocked for more than 455 seconds.
WARNING 2019-03-06 00:05:03,518 - Voice heartbeat blocked for more than 480 seconds
WARNING 2019-03-06 00:05:04,595 - Heartbeat blocked for more than 460 seconds.
WARNING 2019-03-06 00:05:08,519 - Voice heartbeat blocked for more than 485 seconds
WARNING 2019-03-06 00:05:09,596 - Heartbeat blocked for more than 465 seconds.
WARNING 2019-03-06 00:05:13,519 - Voice heartbeat blocked for more than 490 seconds
WARNING 2019-03-06 00:05:14,597 - Heartbeat blocked for more than 470 seconds.
WARNING 2019-03-06 00:05:18,520 - Voice heartbeat blocked for more than 495 seconds
WARNING 2019-03-06 00:05:19,597 - Heartbeat blocked for more than 475 seconds.
WARNING 2019-03-06 00:05:23,521 - Voice heartbeat blocked for more than 500 seconds
WARNING 2019-03-06 00:05:24,598 - Heartbeat blocked for more than 480 seconds.
WARNING 2019-03-06 00:05:28,521 - Voice heartbeat blocked for more than 505 seconds
WARNING 2019-03-06 00:05:29,599 - Heartbeat blocked for more than 485 seconds.
WARNING 2019-03-06 00:05:33,521 - Voice heartbeat blocked for more than 510 seconds
WARNING 2019-03-06 00:05:34,599 - Heartbeat blocked for more than 490 seconds.
WARNING 2019-03-06 00:05:38,521 - Voice heartbeat blocked for more than 515 seconds
WARNING 2019-03-06 00:05:39,599 - Heartbeat blocked for more than 495 seconds.
WARNING 2019-03-06 00:05:43,522 - Voice heartbeat blocked for more than 520 seconds
WARNING 2019-03-06 00:05:44,599 - Heartbeat blocked for more than 500 seconds.
WARNING 2019-03-06 00:05:48,523 - Voice heartbeat blocked for more than 525 seconds
WARNING 2019-03-06 00:05:49,600 - Heartbeat blocked for more than 505 seconds.
WARNING 2019-03-06 00:05:53,523 - Voice heartbeat blocked for more than 530 seconds
WARNING 2019-03-06 00:05:54,600 - Heartbeat blocked for more than 510 seconds.
WARNING 2019-03-06 00:05:58,523 - Voice heartbeat blocked for more than 535 seconds
WARNING 2019-03-06 00:05:59,600 - Heartbeat blocked for more than 515 seconds.
WARNING 2019-03-06 00:06:03,523 - Voice heartbeat blocked for more than 540 seconds
WARNING 2019-03-06 00:06:04,600 - Heartbeat blocked for more than 520 seconds.
WARNING 2019-03-06 00:06:08,523 - Voice heartbeat blocked for more than 545 seconds
WARNING 2019-03-06 00:06:09,600 - Heartbeat blocked for more than 525 seconds.
WARNING 2019-03-06 00:06:13,523 - Voice heartbeat blocked for more than 550 seconds
WARNING 2019-03-06 00:06:14,601 - Heartbeat blocked for more than 530 seconds.
WARNING 2019-03-06 00:06:18,524 - Voice heartbeat blocked for more than 555 seconds
WARNING 2019-03-06 00:06:19,601 - Heartbeat blocked for more than 535 seconds.
WARNING 2019-03-06 00:06:23,524 - Voice heartbeat blocked for more than 560 seconds
WARNING 2019-03-06 00:06:24,601 - Heartbeat blocked for more than 540 seconds.
WARNING 2019-03-06 00:06:28,524 - Voice heartbeat blocked for more than 565 seconds
WARNING 2019-03-06 00:06:29,602 - Heartbeat blocked for more than 545 seconds.
WARNING 2019-03-06 00:06:33,525 - Voice heartbeat blocked for more than 570 seconds
WARNING 2019-03-06 00:06:34,602 - Heartbeat blocked for more than 550 seconds.
WARNING 2019-03-06 00:06:38,526 - Voice heartbeat blocked for more than 575 seconds
WARNING 2019-03-06 00:06:39,602 - Heartbeat blocked for more than 555 seconds.
WARNING 2019-03-06 00:06:43,527 - Voice heartbeat blocked for more than 580 seconds
WARNING 2019-03-06 00:06:44,602 - Heartbeat blocked for more than 560 seconds.
WARNING 2019-03-06 00:06:48,527 - Voice heartbeat blocked for more than 585 seconds
WARNING 2019-03-06 00:06:49,602 - Heartbeat blocked for more than 565 seconds.
WARNING 2019-03-06 00:06:53,527 - Voice heartbeat blocked for more than 590 seconds
WARNING 2019-03-06 00:06:54,603 - Heartbeat blocked for more than 570 seconds.
WARNING 2019-03-06 00:06:58,527 - Voice heartbeat blocked for more than 595 seconds
WARNING 2019-03-06 00:06:59,603 - Heartbeat blocked for more than 575 seconds.
WARNING 2019-03-06 00:07:03,528 - Voice heartbeat blocked for more than 600 seconds
WARNING 2019-03-06 00:07:04,603 - Heartbeat blocked for more than 580 seconds.
WARNING 2019-03-06 00:07:08,528 - Voice heartbeat blocked for more than 605 seconds
WARNING 2019-03-06 00:07:09,603 - Heartbeat blocked for more than 585 seconds.
WARNING 2019-03-06 00:07:13,529 - Voice heartbeat blocked for more than 610 seconds
WARNING 2019-03-06 00:07:14,604 - Heartbeat blocked for more than 590 seconds.
WARNING 2019-03-06 00:07:18,530 - Voice heartbeat blocked for more than 615 seconds
WARNING 2019-03-06 00:07:19,605 - Heartbeat blocked for more than 595 seconds.
WARNING 2019-03-06 00:07:23,530 - Voice heartbeat blocked for more than 620 seconds
WARNING 2019-03-06 00:07:24,605 - Heartbeat blocked for more than 600 seconds.
WARNING 2019-03-06 00:07:28,530 - Voice heartbeat blocked for more than 625 seconds
WARNING 2019-03-06 00:07:29,606 - Heartbeat blocked for more than 605 seconds.
WARNING 2019-03-06 00:07:33,531 - Voice heartbeat blocked for more than 630 seconds
WARNING 2019-03-06 00:07:34,606 - Heartbeat blocked for more than 610 seconds.
WARNING 2019-03-06 00:07:38,531 - Voice heartbeat blocked for more than 635 seconds
WARNING 2019-03-06 00:07:39,607 - Heartbeat blocked for more than 615 seconds.
WARNING 2019-03-06 00:07:43,531 - Voice heartbeat blocked for more than 640 seconds
WARNING 2019-03-06 00:07:44,607 - Heartbeat blocked for more than 620 seconds.
WARNING 2019-03-06 00:07:48,531 - Voice heartbeat blocked for more than 645 seconds
WARNING 2019-03-06 00:07:49,607 - Heartbeat blocked for more than 625 seconds.
WARNING 2019-03-06 00:07:53,531 - Voice heartbeat blocked for more than 650 seconds
WARNING 2019-03-06 00:07:54,608 - Heartbeat blocked for more than 630 seconds.
WARNING 2019-03-06 00:07:58,532 - Voice heartbeat blocked for more than 655 seconds
WARNING 2019-03-06 00:07:59,608 - Heartbeat blocked for more than 635 seconds.
WARNING 2019-03-06 00:08:03,532 - Voice heartbeat blocked for more than 660 seconds
WARNING 2019-03-06 00:08:04,608 - Heartbeat blocked for more than 640 seconds.
WARNING 2019-03-06 00:08:08,532 - Voice heartbeat blocked for more than 665 seconds
WARNING 2019-03-06 00:08:09,609 - Heartbeat blocked for more than 645 seconds.
WARNING 2019-03-06 00:08:13,532 - Voice heartbeat blocked for more than 670 seconds
WARNING 2019-03-06 00:08:14,610 - Heartbeat blocked for more than 650 seconds.
WARNING 2019-03-06 00:08:18,533 - Voice heartbeat blocked for more than 675 seconds
WARNING 2019-03-06 00:08:19,610 - Heartbeat blocked for more than 655 seconds.
WARNING 2019-03-06 00:08:23,533 - Voice heartbeat blocked for more than 680 seconds
WARNING 2019-03-06 00:08:24,611 - Heartbeat blocked for more than 660 seconds.
WARNING 2019-03-06 00:08:28,533 - Voice heartbeat blocked for more than 685 seconds
WARNING 2019-03-06 00:08:29,612 - Heartbeat blocked for more than 665 seconds.
WARNING 2019-03-06 00:08:33,534 - Voice heartbeat blocked for more than 690 seconds
WARNING 2019-03-06 00:08:34,612 - Heartbeat blocked for more than 670 seconds.
WARNING 2019-03-06 00:08:38,534 - Voice heartbeat blocked for more than 695 seconds
WARNING 2019-03-06 00:08:39,612 - Heartbeat blocked for more than 675 seconds.
WARNING 2019-03-06 00:08:43,534 - Voice heartbeat blocked for more than 700 seconds
WARNING 2019-03-06 00:08:44,613 - Heartbeat blocked for more than 680 seconds.
WARNING 2019-03-06 00:08:48,534 - Voice heartbeat blocked for more than 705 seconds
WARNING 2019-03-06 00:08:49,614 - Heartbeat blocked for more than 685 seconds.
WARNING 2019-03-06 00:08:53,534 - Voice heartbeat blocked for more than 710 seconds
WARNING 2019-03-06 00:08:54,614 - Heartbeat blocked for more than 690 seconds.
WARNING 2019-03-06 00:08:58,535 - Voice heartbeat blocked for more than 715 seconds
WARNING 2019-03-06 00:08:59,614 - Heartbeat blocked for more than 695 seconds.
WARNING 2019-03-06 00:09:03,536 - Voice heartbeat blocked for more than 720 seconds
WARNING 2019-03-06 00:09:04,615 - Heartbeat blocked for more than 700 seconds.
WARNING 2019-03-06 00:09:08,536 - Voice heartbeat blocked for more than 725 seconds
WARNING 2019-03-06 00:09:09,615 - Heartbeat blocked for more than 705 seconds.
WARNING 2019-03-06 00:09:13,536 - Voice heartbeat blocked for more than 730 seconds
WARNING 2019-03-06 00:09:14,615 - Heartbeat blocked for more than 710 seconds.
WARNING 2019-03-06 00:09:18,537 - Voice heartbeat blocked for more than 735 seconds
WARNING 2019-03-06 00:09:19,615 - Heartbeat blocked for more than 715 seconds.
WARNING 2019-03-06 00:09:23,537 - Voice heartbeat blocked for more than 740 seconds
WARNING 2019-03-06 00:09:24,615 - Heartbeat blocked for more than 720 seconds.
WARNING 2019-03-06 00:09:28,537 - Voice heartbeat blocked for more than 745 seconds
WARNING 2019-03-06 00:09:29,616 - Heartbeat blocked for more than 725 seconds.
WARNING 2019-03-06 00:09:33,537 - Voice heartbeat blocked for more than 750 seconds
WARNING 2019-03-06 00:09:34,617 - Heartbeat blocked for more than 730 seconds.
WARNING 2019-03-06 00:09:38,537 - Voice heartbeat blocked for more than 755 seconds
WARNING 2019-03-06 00:09:39,617 - Heartbeat blocked for more than 735 seconds.
WARNING 2019-03-06 00:09:43,538 - Voice heartbeat blocked for more than 760 seconds
WARNING 2019-03-06 00:09:44,617 - Heartbeat blocked for more than 740 seconds.
WARNING 2019-03-06 00:09:48,538 - Voice heartbeat blocked for more than 765 seconds
WARNING 2019-03-06 00:09:49,617 - Heartbeat blocked for more than 745 seconds.
WARNING 2019-03-06 00:09:53,538 - Voice heartbeat blocked for more than 770 seconds
WARNING 2019-03-06 00:09:54,617 - Heartbeat blocked for more than 750 seconds.
WARNING 2019-03-06 00:09:58,538 - Voice heartbeat blocked for more than 775 seconds
WARNING 2019-03-06 00:09:59,618 - Heartbeat blocked for more than 755 seconds.
WARNING 2019-03-06 00:10:03,538 - Voice heartbeat blocked for more than 780 seconds
WARNING 2019-03-06 00:10:04,618 - Heartbeat blocked for more than 760 seconds.
WARNING 2019-03-06 00:10:08,539 - Voice heartbeat blocked for more than 785 seconds
WARNING 2019-03-06 00:10:09,618 - Heartbeat blocked for more than 765 seconds.
WARNING 2019-03-06 00:10:13,540 - Voice heartbeat blocked for more than 790 seconds
WARNING 2019-03-06 00:10:14,619 - Heartbeat blocked for more than 770 seconds.
WARNING 2019-03-06 00:10:18,540 - Voice heartbeat blocked for more than 795 seconds
WARNING 2019-03-06 00:10:19,620 - Heartbeat blocked for more than 775 seconds.
WARNING 2019-03-06 00:10:23,540 - Voice heartbeat blocked for more than 800 seconds
WARNING 2019-03-06 00:10:24,621 - Heartbeat blocked for more than 780 seconds.
WARNING 2019-03-06 00:10:28,541 - Voice heartbeat blocked for more than 805 seconds
WARNING 2019-03-06 00:10:29,621 - Heartbeat blocked for more than 785 seconds.
WARNING 2019-03-06 00:10:33,542 - Voice heartbeat blocked for more than 810 seconds
WARNING 2019-03-06 00:10:34,621 - Heartbeat blocked for more than 790 seconds.
WARNING 2019-03-06 00:10:38,543 - Voice heartbeat blocked for more than 815 seconds
WARNING 2019-03-06 00:10:39,621 - Heartbeat blocked for more than 795 seconds.
WARNING 2019-03-06 00:10:43,543 - Voice heartbeat blocked for more than 820 seconds
WARNING 2019-03-06 00:10:44,621 - Heartbeat blocked for more than 800 seconds.
WARNING 2019-03-06 00:10:48,544 - Voice heartbeat blocked for more than 825 seconds
WARNING 2019-03-06 00:10:49,622 - Heartbeat blocked for more than 805 seconds.
WARNING 2019-03-06 00:10:53,544 - Voice heartbeat blocked for more than 830 seconds
WARNING 2019-03-06 00:10:54,623 - Heartbeat blocked for more than 810 seconds.
WARNING 2019-03-06 00:10:58,544 - Voice heartbeat blocked for more than 835 seconds
WARNING 2019-03-06 00:10:59,623 - Heartbeat blocked for more than 815 seconds.
WARNING 2019-03-06 00:11:03,544 - Voice heartbeat blocked for more than 840 seconds
WARNING 2019-03-06 00:11:04,623 - Heartbeat blocked for more than 820 seconds.
WARNING 2019-03-06 00:11:08,545 - Voice heartbeat blocked for more than 845 seconds
WARNING 2019-03-06 00:11:09,623 - Heartbeat blocked for more than 825 seconds.
WARNING 2019-03-06 00:11:13,545 - Voice heartbeat blocked for more than 850 seconds
WARNING 2019-03-06 00:11:14,623 - Heartbeat blocked for more than 830 seconds.
ERROR 2019-03-06 00:11:17,089 - Disconnected from voice... Reconnecting in 1.72s.
Traceback (most recent call last):
  File "C:\Users\benja\AppData\Local\Programs\Python\Python37-32\lib\site-packages\discord\voice_client.py", line 232, in poll_voice_ws
    await self.ws.poll_event()
  File "C:\Users\benja\AppData\Local\Programs\Python\Python37-32\lib\site-packages\discord\gateway.py", line 730, in poll_event
    msg = await asyncio.wait_for(self.recv(), timeout=30.0, loop=self.loop)
  File "C:\Users\benja\AppData\Local\Programs\Python\Python37-32\lib\asyncio\tasks.py", line 423, in wait_for
    raise futures.TimeoutError()
concurrent.futures._base.TimeoutError
INFO 2019-03-06 00:11:17,116 - Websocket closed with 1000 (), cannot reconnect.
ERROR 2019-03-06 00:11:17,116 - Attempting a reconnect in 1.25s
Traceback (most recent call last):
  File "C:\Users\benja\AppData\Local\Programs\Python\Python37-32\lib\site-packages\discord\gateway.py", line 464, in poll_event
    msg = await self.recv()
  File "C:\Users\benja\AppData\Local\Programs\Python\Python37-32\lib\site-packages\websockets\protocol.py", line 350, in recv
    yield from self.ensure_open()
  File "C:\Users\benja\AppData\Local\Programs\Python\Python37-32\lib\site-packages\websockets\protocol.py", line 501, in ensure_open
    self.close_code, self.close_reason) from self.transfer_data_exc
websockets.exceptions.ConnectionClosed: WebSocket connection is closed: code = 1000 (OK), no reason

The above exception was the direct cause of the following exception:

Traceback (most recent call last):
  File "C:\Users\benja\AppData\Local\Programs\Python\Python37-32\lib\site-packages\discord\client.py", line 402, in connect
    await self._connect()
  File "C:\Users\benja\AppData\Local\Programs\Python\Python37-32\lib\site-packages\discord\client.py", line 367, in _connect
    await self.ws.poll_event()
  File "C:\Users\benja\AppData\Local\Programs\Python\Python37-32\lib\site-packages\discord\gateway.py", line 472, in poll_event
    raise ConnectionClosed(exc, shard_id=self.shard_id) from exc
discord.errors.ConnectionClosed: WebSocket connection is closed: code = 1000 (OK), no reason
WARNING 2019-03-06 00:11:17,304 - We are being rate limited. Retrying in 0.22 seconds. Handled under the bucket "PUT:435980913789370368:None:/channels/{channel_id}/messages/{message_id}/reactions/{emoji}/@me"
WARNING 2019-03-06 00:11:17,594 - We are being rate limited. Retrying in 0.25 seconds. Handled under the bucket "DELETE:435980913789370368:None:/channels/{channel_id}/messages/{message_id}/reactions/{emoji}/@me"
WARNING 2019-03-06 00:11:17,895 - We are being rate limited. Retrying in 0.25 seconds. Handled under the bucket "PUT:435980913789370368:None:/channels/{channel_id}/messages/{message_id}/reactions/{emoji}/@me"
INFO 2019-03-06 00:11:18,603 - Created websocket connected to wss://gateway.discord.gg?encoding=json&v=6&compress=zlib-stream
INFO 2019-03-06 00:11:18,605 - Shard ID None has sent the IDENTIFY payload.
INFO 2019-03-06 00:11:18,755 - Shard ID None has connected to Gateway: gateway-prd-main-7dp6, discord-sessions-prd-1-22 (Session ID: a956fcfbd2b616cbc941c7e7c4550c74).
INFO 2019-03-06 00:11:18,839 - The voice handshake is being terminated for Channel ID 390906086753959938 (Guild ID 390906084379983902)
INFO 2019-03-06 00:11:18,839 - Connecting to voice...
INFO 2019-03-06 00:11:18,839 - Starting voice handshake...
