INFO 2019-03-06 21:55:46,229 - Logger set up successfully.
INFO 2019-03-06 21:55:46,751 - logging in using static token
INFO 2019-03-06 21:55:47,887 - Created websocket connected to wss://gateway.discord.gg?encoding=json&v=6&compress=zlib-stream
INFO 2019-03-06 21:55:47,888 - Shard ID None has sent the IDENTIFY payload.
INFO 2019-03-06 21:55:48,136 - Shard ID None has connected to Gateway: gateway-prd-main-pq0r, discord-sessions-prd-1-14 (Session ID: 5c8e3373c7da10524d6dc6a7c62a28ed).
INFO 2019-03-06 21:56:00,382 - Connecting to voice...
INFO 2019-03-06 21:56:00,383 - Starting voice handshake...
INFO 2019-03-06 21:56:00,598 - Voice handshake complete. Endpoint found us-south194.discord.gg (IP: 45.35.33.130)
INFO 2019-03-06 21:56:01,412 - selected the voice protocol for use (xsalsa20_poly1305_suffix)
INFO 2019-03-06 21:56:01,538 - received secret key for voice connection
WARNING 2019-03-06 21:56:08,488 - We are being rate limited. Retrying in 0.01 seconds. Handled under the bucket "DELETE:435980913789370368:None:/channels/{channel_id}/messages/{message_id}/reactions/{emoji}/@me"
WARNING 2019-03-06 21:56:33,652 - Voice heartbeat blocked for more than 5 seconds
WARNING 2019-03-06 21:56:34,139 - Heartbeat blocked for more than 5 seconds.
INFO 2019-03-06 21:56:37,366 - Preparing to terminate ffmpeg process 9100.
INFO 2019-03-06 21:56:37,367 - ffmpeg process 9100 has not terminated. Waiting to terminate...
INFO 2019-03-06 21:56:37,381 - ffmpeg process 9100 should have terminated with a return code of 1.
INFO 2019-03-06 21:56:37,488 - The voice handshake is being terminated for Channel ID 390906086753959938 (Guild ID 390906084379983902)
INFO 2019-03-06 21:56:37,488 - The voice client has been removed for Channel ID 390906086753959938 (Guild ID 390906084379983902)
INFO 2019-03-06 21:56:37,601 - Websocket closed with 1000 (), cannot reconnect.
INFO 2019-03-06 21:56:37,601 - Cleaning up event loop.
INFO 2019-03-06 21:56:37,601 - Cleaning up after 11 tasks
